{"total": {"lines":{"total":533,"covered":15,"skipped":0,"pct":2.81},"statements":{"total":536,"covered":15,"skipped":0,"pct":2.79},"functions":{"total":81,"covered":4,"skipped":0,"pct":4.93},"branches":{"total":210,"covered":3,"skipped":0,"pct":1.42},"branchesTrue":{"total":0,"covered":0,"skipped":0,"pct":100}}
,"/Users/scottluskcis/Repositories/scottluskcis/repo-stats-ts/src/auth.ts": {"lines":{"total":36,"covered":0,"skipped":0,"pct":0},"functions":{"total":6,"covered":0,"skipped":0,"pct":0},"statements":{"total":36,"covered":0,"skipped":0,"pct":0},"branches":{"total":31,"covered":0,"skipped":0,"pct":0}}
,"/Users/scottluskcis/Repositories/scottluskcis/repo-stats-ts/src/logger.ts": {"lines":{"total":48,"covered":0,"skipped":0,"pct":0},"functions":{"total":17,"covered":0,"skipped":0,"pct":0},"statements":{"total":48,"covered":0,"skipped":0,"pct":0},"branches":{"total":11,"covered":0,"skipped":0,"pct":0}}
,"/Users/scottluskcis/Repositories/scottluskcis/repo-stats-ts/src/main.ts": {"lines":{"total":249,"covered":0,"skipped":0,"pct":0},"functions":{"total":25,"covered":0,"skipped":0,"pct":0},"statements":{"total":249,"covered":0,"skipped":0,"pct":0},"branches":{"total":88,"covered":0,"skipped":0,"pct":0}}
,"/Users/scottluskcis/Repositories/scottluskcis/repo-stats-ts/src/octokit.ts": {"lines":{"total":22,"covered":0,"skipped":0,"pct":0},"functions":{"total":7,"covered":0,"skipped":0,"pct":0},"statements":{"total":23,"covered":0,"skipped":0,"pct":0},"branches":{"total":7,"covered":0,"skipped":0,"pct":0}}
,"/Users/scottluskcis/Repositories/scottluskcis/repo-stats-ts/src/retry.ts": {"lines":{"total":22,"covered":0,"skipped":0,"pct":0},"functions":{"total":3,"covered":0,"skipped":0,"pct":0},"statements":{"total":24,"covered":0,"skipped":0,"pct":0},"branches":{"total":13,"covered":0,"skipped":0,"pct":0}}
,"/Users/scottluskcis/Repositories/scottluskcis/repo-stats-ts/src/service.ts": {"lines":{"total":69,"covered":0,"skipped":0,"pct":0},"functions":{"total":10,"covered":0,"skipped":0,"pct":0},"statements":{"total":69,"covered":0,"skipped":0,"pct":0},"branches":{"total":17,"covered":0,"skipped":0,"pct":0}}
,"/Users/scottluskcis/Repositories/scottluskcis/repo-stats-ts/src/state.ts": {"lines":{"total":42,"covered":0,"skipped":0,"pct":0},"functions":{"total":4,"covered":0,"skipped":0,"pct":0},"statements":{"total":42,"covered":0,"skipped":0,"pct":0},"branches":{"total":32,"covered":0,"skipped":0,"pct":0}}
,"/Users/scottluskcis/Repositories/scottluskcis/repo-stats-ts/src/utils.ts": {"lines":{"total":27,"covered":15,"skipped":0,"pct":55.55},"functions":{"total":6,"covered":4,"skipped":0,"pct":66.66},"statements":{"total":27,"covered":15,"skipped":0,"pct":55.55},"branches":{"total":7,"covered":3,"skipped":0,"pct":42.85}}
,"/Users/scottluskcis/Repositories/scottluskcis/repo-stats-ts/src/version.ts": {"lines":{"total":0,"covered":0,"skipped":0,"pct":100},"functions":{"total":0,"covered":0,"skipped":0,"pct":100},"statements":{"total":0,"covered":0,"skipped":0,"pct":100},"branches":{"total":2,"covered":0,"skipped":0,"pct":0}}
,"/Users/scottluskcis/Repositories/scottluskcis/repo-stats-ts/src/commands/missing-repos-command.ts": {"lines":{"total":11,"covered":0,"skipped":0,"pct":0},"functions":{"total":2,"covered":0,"skipped":0,"pct":0},"statements":{"total":11,"covered":0,"skipped":0,"pct":0},"branches":{"total":2,"covered":0,"skipped":0,"pct":0}}
,"/Users/scottluskcis/Repositories/scottluskcis/repo-stats-ts/src/commands/repo-stats-command.ts": {"lines":{"total":7,"covered":0,"skipped":0,"pct":0},"functions":{"total":1,"covered":0,"skipped":0,"pct":0},"statements":{"total":7,"covered":0,"skipped":0,"pct":0},"branches":{"total":0,"covered":0,"skipped":0,"pct":100}}
}
