TN:
SF:src/auth.ts
FN:14,(anonymous_0)
FN:24,(anonymous_1)
FN:46,(anonymous_2)
FN:57,(anonymous_3)
FN:67,(anonymous_4)
FN:82,(anonymous_5)
FNF:6
FNH:0
FNDA:0,(anonymous_0)
FNDA:0,(anonymous_1)
FNDA:0,(anonymous_2)
FNDA:0,(anonymous_3)
FNDA:0,(anonymous_4)
FNDA:0,(anonymous_5)
DA:14,0
DA:15,0
DA:16,0
DA:17,0
DA:21,0
DA:24,0
DA:30,0
DA:31,0
DA:32,0
DA:33,0
DA:34,0
DA:37,0
DA:38,0
DA:43,0
DA:46,0
DA:48,0
DA:49,0
DA:50,0
DA:54,0
DA:57,0
DA:58,0
DA:59,0
DA:60,0
DA:64,0
DA:67,0
DA:73,0
DA:79,0
DA:82,0
DA:97,0
DA:98,0
DA:99,0
DA:102,0
DA:109,0
DA:112,0
DA:115,0
DA:116,0
LF:36
LH:0
BRDA:15,0,0,0
BRDA:15,0,1,0
BRDA:16,1,0,0
BRDA:16,2,0,0
BRDA:16,2,1,0
BRDA:30,3,0,0
BRDA:30,3,1,0
BRDA:30,4,0,0
BRDA:30,4,1,0
BRDA:31,5,0,0
BRDA:31,5,1,0
BRDA:32,6,0,0
BRDA:32,6,1,0
BRDA:33,7,0,0
BRDA:33,8,0,0
BRDA:33,8,1,0
BRDA:34,9,0,0
BRDA:34,9,1,0
BRDA:37,10,0,0
BRDA:48,11,0,0
BRDA:48,11,1,0
BRDA:49,12,0,0
BRDA:49,13,0,0
BRDA:49,13,1,0
BRDA:58,14,0,0
BRDA:58,14,1,0
BRDA:59,15,0,0
BRDA:98,16,0,0
BRDA:98,16,1,0
BRDA:98,17,0,0
BRDA:98,17,1,0
BRF:31
BRH:0
end_of_record
TN:
SF:src/logger.ts
FN:9,(anonymous_0)
FN:17,(anonymous_1)
FN:61,(anonymous_2)
FN:69,(anonymous_3)
FN:76,(anonymous_4)
FN:99,(anonymous_5)
FN:102,(anonymous_6)
FN:105,(anonymous_7)
FN:108,(anonymous_8)
FN:111,(anonymous_9)
FN:116,(anonymous_10)
FN:119,(anonymous_11)
FN:125,(anonymous_12)
FN:128,(anonymous_13)
FN:131,(anonymous_14)
FN:134,(anonymous_15)
FN:137,(anonymous_16)
FNF:17
FNH:0
FNDA:0,(anonymous_0)
FNDA:0,(anonymous_1)
FNDA:0,(anonymous_2)
FNDA:0,(anonymous_3)
FNDA:0,(anonymous_4)
FNDA:0,(anonymous_5)
FNDA:0,(anonymous_6)
FNDA:0,(anonymous_7)
FNDA:0,(anonymous_8)
FNDA:0,(anonymous_9)
FNDA:0,(anonymous_10)
FNDA:0,(anonymous_11)
FNDA:0,(anonymous_12)
FNDA:0,(anonymous_13)
FNDA:0,(anonymous_14)
FNDA:0,(anonymous_15)
FNDA:0,(anonymous_16)
DA:5,0
DA:9,0
DA:10,0
DA:11,0
DA:13,0
DA:17,0
DA:22,0
DA:24,0
DA:26,0
DA:27,0
DA:30,0
DA:34,0
DA:36,0
DA:38,0
DA:40,0
DA:56,0
DA:57,0
DA:61,0
DA:65,0
DA:66,0
DA:69,0
DA:70,0
DA:73,0
DA:76,0
DA:80,0
DA:81,0
DA:82,0
DA:83,0
DA:85,0
DA:86,0
DA:89,0
DA:90,0
DA:94,0
DA:95,0
DA:98,0
DA:100,0
DA:103,0
DA:106,0
DA:109,0
DA:112,0
DA:117,0
DA:120,0
DA:124,0
DA:126,0
DA:129,0
DA:132,0
DA:135,0
DA:138,0
LF:48
LH:0
BRDA:10,0,0,0
BRDA:10,0,1,0
BRDA:10,1,0,0
BRDA:10,1,1,0
BRDA:26,2,0,0
BRDA:34,3,0,0
BRDA:34,3,1,0
BRDA:41,4,0,0
BRDA:41,4,1,0
BRDA:82,5,0,0
BRDA:89,6,0,0
BRF:11
BRH:0
end_of_record
TN:
SF:src/main.ts
FN:29,(anonymous_0)
FN:93,run
FN:107,(anonymous_2)
FN:156,(anonymous_3)
FN:175,processMissingRepositories
FN:215,(anonymous_5)
FN:229,(anonymous_6)
FN:246,(anonymous_7)
FN:267,initializeCsvFile
FN:309,analyzeRepositoryStats
FN:345,processRepoStats
FN:379,handleRepoProcessingSuccess
FN:433,processRepositoriesFromFile
FN:451,(anonymous_13)
FN:452,(anonymous_14)
FN:508,processRepositories
FN:616,checkAndHandleRateLimits
FN:661,writeResultToCsv
FN:707,(anonymous_18)
FN:728,mapToRepoStatsResult
FN:773,calculateRecordCount
FN:797,analyzeIssues
FN:876,analyzePullRequests
FN:981,checkForMissingRepos
FN:1007,(anonymous_24)
FNF:25
FNH:0
FNDA:0,(anonymous_0)
FNDA:0,run
FNDA:0,(anonymous_2)
FNDA:0,(anonymous_3)
FNDA:0,processMissingRepositories
FNDA:0,(anonymous_5)
FNDA:0,(anonymous_6)
FNDA:0,(anonymous_7)
FNDA:0,initializeCsvFile
FNDA:0,analyzeRepositoryStats
FNDA:0,processRepoStats
FNDA:0,handleRepoProcessingSuccess
FNDA:0,processRepositoriesFromFile
FNDA:0,(anonymous_13)
FNDA:0,(anonymous_14)
FNDA:0,processRepositories
FNDA:0,checkAndHandleRateLimits
FNDA:0,writeResultToCsv
FNDA:0,(anonymous_18)
FNDA:0,mapToRepoStatsResult
FNDA:0,calculateRecordCount
FNDA:0,analyzeIssues
FNDA:0,analyzePullRequests
FNDA:0,checkForMissingRepos
FNDA:0,(anonymous_24)
DA:29,0
DA:38,0
DA:41,0
DA:42,0
DA:44,0
DA:45,0
DA:47,0
DA:48,0
DA:55,0
DA:57,0
DA:62,0
DA:63,0
DA:64,0
DA:65,0
DA:67,0
DA:69,0
DA:70,0
DA:72,0
DA:73,0
DA:76,0
DA:84,0
DA:94,0
DA:97,0
DA:98,0
DA:101,0
DA:106,0
DA:108,0
DA:117,0
DA:118,0
DA:120,0
DA:121,0
DA:122,0
DA:127,0
DA:139,0
DA:142,0
DA:143,0
DA:153,0
DA:157,0
DA:158,0
DA:159,0
DA:170,0
DA:190,0
DA:191,0
DA:196,0
DA:197,0
DA:198,0
DA:201,0
DA:204,0
DA:209,0
DA:212,0
DA:215,0
DA:218,0
DA:220,0
DA:222,0
DA:223,0
DA:228,0
DA:230,0
DA:239,0
DA:243,0
DA:247,0
DA:248,0
DA:249,0
DA:256,0
DA:259,0
DA:260,0
DA:261,0
DA:262,0
DA:268,0
DA:299,0
DA:300,0
DA:302,0
DA:303,0
DA:305,0
DA:323,0
DA:342,0
DA:358,0
DA:359,0
DA:360,0
DA:367,0
DA:375,0
DA:398,0
DA:401,0
DA:402,0
DA:403,0
DA:406,0
DA:407,0
DA:410,0
DA:418,0
DA:419,0
DA:425,0
DA:426,0
DA:448,0
DA:449,0
DA:451,0
DA:453,0
DA:454,0
DA:457,0
DA:459,0
DA:460,0
DA:461,0
DA:462,0
DA:463,0
DA:466,0
DA:472,0
DA:480,0
DA:482,0
DA:492,0
DA:493,0
DA:494,0
DA:498,0
DA:523,0
DA:527,0
DA:528,0
DA:540,0
DA:541,0
DA:543,0
DA:549,0
DA:550,0
DA:552,0
DA:553,0
DA:560,0
DA:561,0
DA:562,0
DA:565,0
DA:568,0
DA:570,0
DA:581,0
DA:582,0
DA:583,0
DA:584,0
DA:589,0
DA:590,0
DA:593,0
DA:594,0
DA:598,0
DA:600,0
DA:601,0
DA:606,0
DA:625,0
DA:628,0
DA:630,0
DA:635,0
DA:636,0
DA:640,0
DA:641,0
DA:642,0
DA:647,0
DA:648,0
DA:649,0
DA:651,0
DA:653,0
DA:658,0
DA:666,0
DA:667,0
DA:678,0
DA:709,0
DA:712,0
DA:713,0
DA:715,0
DA:719,0
DA:724,0
DA:733,0
DA:734,0
DA:735,0
DA:740,0
DA:779,0
DA:812,0
DA:814,0
DA:815,0
DA:816,0
DA:823,0
DA:824,0
DA:827,0
DA:828,0
DA:829,0
DA:832,0
DA:833,0
DA:837,0
DA:838,0
DA:840,0
DA:842,0
DA:850,0
DA:851,0
DA:852,0
DA:855,0
DA:856,0
DA:859,0
DA:864,0
DA:868,0
DA:869,0
DA:891,0
DA:892,0
DA:901,0
DA:902,0
DA:903,0
DA:904,0
DA:905,0
DA:908,0
DA:909,0
DA:910,0
DA:911,0
DA:912,0
DA:917,0
DA:919,0
DA:921,0
DA:922,0
DA:923,0
DA:926,0
DA:927,0
DA:930,0
DA:934,0
DA:938,0
DA:939,0
DA:943,0
DA:949,0
DA:950,0
DA:951,0
DA:952,0
DA:955,0
DA:957,0
DA:959,0
DA:960,0
DA:961,0
DA:964,0
DA:965,0
DA:968,0
DA:972,0
DA:990,0
DA:991,0
DA:992,0
DA:994,0
DA:996,0
DA:999,0
DA:1000,0
DA:1005,0
DA:1006,0
DA:1007,0
DA:1008,0
DA:1012,0
DA:1018,0
DA:1019,0
DA:1020,0
DA:1021,0
DA:1022,0
DA:1024,0
DA:1026,0
DA:1027,0
DA:1030,0
DA:1032,0
LF:249
LH:0
BRDA:58,0,0,0
BRDA:58,0,1,0
BRDA:63,1,0,0
BRDA:63,1,1,0
BRDA:64,2,0,0
BRDA:64,2,1,0
BRDA:77,3,0,0
BRDA:77,3,1,0
BRDA:78,4,0,0
BRDA:78,4,1,0
BRDA:79,5,0,0
BRDA:79,5,1,0
BRDA:80,6,0,0
BRDA:80,6,1,0
BRDA:81,7,0,0
BRDA:81,7,1,0
BRDA:120,8,0,0
BRDA:142,9,0,0
BRDA:142,10,0,0
BRDA:142,10,1,0
BRDA:197,11,0,0
BRDA:259,12,0,0
BRDA:299,13,0,0
BRDA:299,13,1,0
BRDA:359,14,0,0
BRDA:387,15,0,0
BRDA:398,16,0,0
BRDA:398,16,1,0
BRDA:402,17,0,0
BRDA:402,18,0,0
BRDA:402,18,1,0
BRDA:418,19,0,0
BRDA:418,20,0,0
BRDA:418,20,1,0
BRDA:425,21,0,0
BRDA:461,22,0,0
BRDA:469,23,0,0
BRDA:469,23,1,0
BRDA:475,24,0,0
BRDA:475,24,1,0
BRDA:527,25,0,0
BRDA:540,26,0,0
BRDA:540,26,1,0
BRDA:545,27,0,0
BRDA:545,27,1,0
BRDA:557,28,0,0
BRDA:557,28,1,0
BRDA:561,29,0,0
BRDA:600,30,0,0
BRDA:630,31,0,0
BRDA:630,31,1,0
BRDA:631,32,0,0
BRDA:631,32,1,0
BRDA:635,33,0,0
BRDA:635,33,1,0
BRDA:640,34,0,0
BRDA:669,35,0,0
BRDA:669,35,1,0
BRDA:670,36,0,0
BRDA:670,36,1,0
BRDA:671,37,0,0
BRDA:671,37,1,0
BRDA:672,38,0,0
BRDA:672,38,1,0
BRDA:674,39,0,0
BRDA:674,39,1,0
BRDA:709,40,0,0
BRDA:709,40,1,0
BRDA:709,41,0,0
BRDA:709,41,1,0
BRDA:721,42,0,0
BRDA:721,42,1,0
BRDA:814,43,0,0
BRDA:837,44,0,0
BRDA:837,45,0,0
BRDA:837,45,1,0
BRDA:891,46,0,0
BRDA:917,47,0,0
BRDA:917,47,1,0
BRDA:934,48,0,0
BRDA:935,49,0,0
BRDA:935,49,1,0
BRDA:955,50,0,0
BRDA:955,50,1,0
BRDA:992,51,0,0
BRDA:992,51,1,0
BRDA:1021,52,0,0
BRDA:1021,52,1,0
BRF:88
BRH:0
end_of_record
TN:
SF:src/octokit.ts
FN:20,(anonymous_0)
FN:27,(anonymous_1)
FN:34,(anonymous_2)
FN:51,(anonymous_3)
FN:60,(anonymous_4)
FN:72,(anonymous_5)
FN:76,(anonymous_6)
FNF:7
FNH:0
FNDA:0,(anonymous_0)
FNDA:0,(anonymous_1)
FNDA:0,(anonymous_2)
FNDA:0,(anonymous_3)
FNDA:0,(anonymous_4)
FNDA:0,(anonymous_5)
FNDA:0,(anonymous_6)
DA:13,0
DA:20,0
DA:27,0
DA:28,0
DA:34,0
DA:35,0
DA:36,0
DA:39,0
DA:52,0
DA:54,0
DA:58,0
DA:61,0
DA:63,0
DA:67,0
DA:72,0
DA:73,0
DA:76,0
DA:77,0
DA:78,0
DA:82,0
DA:87,0
DA:90,0
LF:22
LH:0
BRDA:30,0,0,0
BRDA:30,0,1,0
BRDA:35,1,0,0
BRDA:44,2,0,0
BRDA:44,2,1,0
BRDA:77,3,0,0
BRDA:77,3,1,0
BRF:7
BRH:0
end_of_record
TN:
SF:src/retry.ts
FN:17,withRetry
FN:77,sleep
FN:78,(anonymous_2)
FNF:3
FNH:0
FNDA:0,withRetry
FNDA:0,sleep
FNDA:0,(anonymous_2)
DA:23,0
DA:24,0
DA:25,0
DA:27,0
DA:28,0
DA:29,0
DA:31,0
DA:32,0
DA:33,0
DA:34,0
DA:37,0
DA:39,0
DA:40,0
DA:42,0
DA:49,0
DA:50,0
DA:53,0
DA:54,0
DA:62,0
DA:63,0
DA:70,0
DA:78,0
LF:22
LH:0
BRDA:32,0,0,0
BRDA:32,1,0,0
BRDA:32,1,1,0
BRDA:43,2,0,0
BRDA:43,2,1,0
BRDA:46,3,0,0
BRDA:46,3,1,0
BRDA:49,4,0,0
BRDA:53,5,0,0
BRDA:72,6,0,0
BRDA:72,6,1,0
BRDA:73,7,0,0
BRDA:73,7,1,0
BRF:13
BRH:0
end_of_record
TN:
SF:src/service.ts
FN:21,(anonymous_0)
FN:23,(anonymous_1)
FN:31,(anonymous_2)
FN:54,(anonymous_3)
FN:176,(anonymous_4)
FN:288,(anonymous_5)
FN:332,(anonymous_6)
FN:385,(anonymous_7)
FN:430,(anonymous_8)
FN:450,(anonymous_9)
FNF:10
FNH:0
FNDA:0,(anonymous_0)
FNDA:0,(anonymous_1)
FNDA:0,(anonymous_2)
FNDA:0,(anonymous_3)
FNDA:0,(anonymous_4)
FNDA:0,(anonymous_5)
FNDA:0,(anonymous_6)
FNDA:0,(anonymous_7)
FNDA:0,(anonymous_8)
FNDA:0,(anonymous_9)
DA:17,0
DA:21,0
DA:24,0
DA:27,0
DA:28,0
DA:35,0
DA:46,0
DA:47,0
DA:48,0
DA:59,0
DA:159,0
DA:165,0
DA:166,0
DA:167,0
DA:169,0
DA:170,0
DA:181,0
DA:272,0
DA:279,0
DA:285,0
DA:294,0
DA:314,0
DA:324,0
DA:325,0
DA:326,0
DA:327,0
DA:338,0
DA:370,0
DA:377,0
DA:378,0
DA:379,0
DA:380,0
DA:389,0
DA:398,0
DA:399,0
DA:400,0
DA:402,0
DA:403,0
DA:406,0
DA:407,0
DA:409,0
DA:410,0
DA:411,0
DA:412,0
DA:413,0
DA:416,0
DA:417,0
DA:418,0
DA:420,0
DA:421,0
DA:422,0
DA:423,0
DA:426,0
DA:427,0
DA:428,0
DA:430,0
DA:431,0
DA:434,0
DA:435,0
DA:436,0
DA:437,0
DA:440,0
DA:444,0
DA:447,0
DA:451,0
DA:452,0
DA:454,0
DA:455,0
DA:462,0
LF:69
LH:0
BRDA:57,0,0,0
BRDA:292,1,0,0
BRDA:336,2,0,0
BRDA:386,3,0,0
BRDA:387,4,0,0
BRDA:402,5,0,0
BRDA:409,6,0,0
BRDA:416,7,0,0
BRDA:416,7,1,0
BRDA:420,8,0,0
BRDA:441,9,0,0
BRDA:441,9,1,0
BRDA:454,10,0,0
BRDA:463,11,0,0
BRDA:463,11,1,0
BRDA:464,12,0,0
BRDA:464,12,1,0
BRF:17
BRH:0
end_of_record
TN:
SF:src/state.ts
FN:6,saveLastState
FN:15,loadLastState
FN:62,initializeState
FN:102,updateState
FNF:4
FNH:0
FNDA:0,saveLastState
FNDA:0,loadLastState
FNDA:0,initializeState
FNDA:0,updateState
DA:4,0
DA:7,0
DA:8,0
DA:9,0
DA:11,0
DA:16,0
DA:17,0
DA:18,0
DA:19,0
DA:20,0
DA:23,0
DA:27,0
DA:30,0
DA:34,0
DA:36,0
DA:46,0
DA:51,0
DA:59,0
DA:69,0
DA:79,0
DA:80,0
DA:81,0
DA:82,0
DA:83,0
DA:84,0
DA:87,0
DA:90,0
DA:91,0
DA:92,0
DA:93,0
DA:99,0
DA:116,0
DA:117,0
DA:118,0
DA:124,0
DA:125,0
DA:129,0
DA:130,0
DA:134,0
DA:135,0
DA:137,0
DA:140,0
LF:42
LH:0
BRDA:17,0,0,0
BRDA:23,1,0,0
BRDA:24,2,0,0
BRDA:24,2,1,0
BRDA:38,3,0,0
BRDA:38,3,1,0
BRDA:39,4,0,0
BRDA:39,4,1,0
BRDA:40,5,0,0
BRDA:40,5,1,0
BRDA:41,6,0,0
BRDA:41,6,1,0
BRDA:42,7,0,0
BRDA:42,7,1,0
BRDA:48,8,0,0
BRDA:48,8,1,0
BRDA:53,9,0,0
BRDA:53,9,1,0
BRDA:80,10,0,0
BRDA:83,11,0,0
BRDA:90,12,0,0
BRDA:90,13,0,0
BRDA:90,13,1,0
BRDA:90,13,2,0
BRDA:116,14,0,0
BRDA:116,15,0,0
BRDA:116,15,1,0
BRDA:124,16,0,0
BRDA:129,17,0,0
BRDA:129,18,0,0
BRDA:129,18,1,0
BRDA:134,19,0,0
BRF:32
BRH:0
end_of_record
TN:
SF:src/utils.ts
FN:1,generateRepoStatsFileName
FN:14,convertKbToMb
FN:21,checkIfHasMigrationIssues
FN:37,parseIntOption
FN:48,parseFloatOption
FN:59,formatElapsedTime
FNF:6
FNH:4
FNDA:1,generateRepoStatsFileName
FNDA:5,convertKbToMb
FNDA:3,checkIfHasMigrationIssues
FNDA:0,parseIntOption
FNDA:0,parseFloatOption
FNDA:1,formatElapsedTime
DA:2,1
DA:6,1
DA:15,5
DA:16,2
DA:18,3
DA:28,3
DA:29,1
DA:31,2
DA:32,1
DA:34,1
DA:38,0
DA:39,0
DA:40,0
DA:41,0
DA:43,0
DA:45,0
DA:49,0
DA:50,0
DA:51,0
DA:52,0
DA:54,0
DA:56,0
DA:60,1
DA:61,1
DA:62,1
DA:63,1
DA:65,1
LF:27
LH:15
BRDA:15,0,0,2
BRDA:28,1,0,1
BRDA:31,2,0,1
BRDA:39,3,0,0
BRDA:40,4,0,0
BRDA:50,5,0,0
BRDA:51,6,0,0
BRF:7
BRH:3
end_of_record
TN:
SF:src/version.ts
FNF:0
FNH:0
LF:0
LH:0
BRDA:1,0,0,0
BRDA:1,0,1,0
BRF:2
BRH:0
end_of_record
TN:
SF:src/commands/missing-repos-command.ts
FN:69,(anonymous_0)
FN:80,(anonymous_1)
FNF:2
FNH:0
FNDA:0,(anonymous_0)
FNDA:0,(anonymous_1)
DA:7,0
DA:8,0
DA:10,0
DA:70,0
DA:72,0
DA:77,0
DA:78,0
DA:79,0
DA:80,0
DA:81,0
DA:84,0
LF:11
LH:0
BRDA:78,0,0,0
BRDA:78,0,1,0
BRF:2
BRH:0
end_of_record
TN:
SF:src/commands/repo-stats-command.ts
FN:138,(anonymous_0)
FNF:1
FNH:0
FNDA:0,(anonymous_0)
DA:8,0
DA:9,0
DA:11,0
DA:139,0
DA:141,0
DA:142,0
DA:143,0
LF:7
LH:0
BRF:0
BRH:0
end_of_record
